


ARM Macro Assembler    Page 1 


    1 00000000                 PRESERVE8
    2 00000000                 THUMB
    3 00000000         
    4 00000000         
    5 00000000                 EXPORT           VarTime     ; on l'exporte pour
                                                             pouvoir la lire av
                                                            ec le watch
    6 00000000         
    7 00000000         
    8 00000000         ; ====================== zone de réservation de données,
                         ======================================
    9 00000000         ;Section RAM (read only) :
   10 00000000                 area             mesdata,data,readonly
   11 00000000         
   12 00000000         
   13 00000000         ;Section RAM (read write):
   14 00000000                 area             maram,data,readwrite
   15 00000000         
   16 00000000         ; Vartime est un emplacement mémoire dans lequel on met 
                       du vide 
   17 00000000 00000000 
                       VarTime dcd              0
   18 00000004         
   19 00000004         
   20 00000004         ; ======================================================
                       =========================================
   21 00000004         
   22 00000004         ;constantes (équivalent du #define en C)
   23 00000004 000DBBA0 
                       TimeValue
                               equ              900000
   24 00000004         
   25 00000004         
   26 00000004                 EXPORT           Delay_100ms ; la fonction Delay
                                                            _100ms est rendue p
                                                            ublique donc utilis
                                                            able par d'autres m
                                                            odules.
   27 00000004         
   28 00000004         
   29 00000004         ;Section ROM code (read only) :  
   30 00000004                 area             moncode,code,readonly
   31 00000000         
   32 00000000         
   33 00000000         
   34 00000000         ; REMARQUE IMPORTANTE 
   35 00000000         ; Cette manière de créer une temporisation n'est clairem
                       ent pas la bonne manière de procéder :
   36 00000000         ; - elle est peu précise
   37 00000000         ; - la fonction prend tout le temps CPU pour... ne rien 
                       faire...
   38 00000000         ;
   39 00000000         ; Pour autant, la fonction montre :
   40 00000000         ; - les boucles en ASM
   41 00000000         ; - l'accés écr/lec de variable en RAM
   42 00000000         ; - le mécanisme d'appel / retour sous programme
   43 00000000         ;
   44 00000000         ; et donc possède un intérêt pour débuter en ASM pur
   45 00000000         



ARM Macro Assembler    Page 2 


   46 00000000         Delay_100ms
                               proc
   47 00000000         
   48 00000000 4803            ldr              r0,=VarTime ; r0 = &VarTime   
   49 00000002         
   50 00000002 4904            ldr              r1,=TimeValue ; r1 = TimeValue
   51 00000004 6001            str              r1,[r0]     ; *r0 ( *(&VarTime)
                                                            ) = TimeValue
   52 00000006         
   53 00000006         BoucleTempo                          ; label sur lequel 
                                                            on peut jump
   54 00000006 6801            ldr              r1,[r0]     ; r1 = VarTime
   55 00000008         
   56 00000008 3901            subs             r1,#1       ; subs =! sub -> si
                                                             arrive à 0 on acti
                                                            ve un flag
   57 0000000A 6001            str              r1,[r0]     ; *r0 ( *(&VarTime)
                                                            ) = TimeValue
   58 0000000C D1FB            bne              BoucleTempo ; on re jump sur le
                                                             label boucle tant 
                                                            que flag pas actif
   59 0000000E         
   60 0000000E 4770            bx               lr          ; nous fait jump à 
                                                            l'adresse suivante 
                                                            de là où
   61 00000010         ; la fonction avait été appelée (return)
   62 00000010                 endp
   63 00000010         
   64 00000010         
   65 00000010                 END
              00000000 
              000DBBA0 
Command Line: --debug --xref --diag_suppress=9931 --cpu=Cortex-M3 --apcs=interw
ork --depend=.\obj\delay.d -o.\obj\delay.o -I.\RTE\_CibleSondeKEIL -IC:\Program
data\Keil\Arm\Packs\ARM\CMSIS\5.7.0\CMSIS\Core\Include -IC:\Programdata\Keil\Ar
m\Packs\Keil\STM32F1xx_DFP\2.3.0\Device\Include --predefine="__EVAL SETA 1" --p
redefine="__MICROLIB SETA 1" --predefine="__UVISION_VERSION SETA 530" --predefi
ne="_RTE_ SETA 1" --predefine="STM32F10X_MD SETA 1" --predefine="_RTE_ SETA 1" 
--list=delay.lst Src\Delay.s



ARM Macro Assembler    Page 1 Alphabetic symbol ordering
Relocatable symbols

mesdata 00000000

Symbol: mesdata
   Definitions
      At line 10 in file Src\Delay.s
   Uses
      None
Comment: mesdata unused
1 symbol



ARM Macro Assembler    Page 1 Alphabetic symbol ordering
Relocatable symbols

VarTime 00000000

Symbol: VarTime
   Definitions
      At line 17 in file Src\Delay.s
   Uses
      At line 5 in file Src\Delay.s
      At line 48 in file Src\Delay.s

maram 00000000

Symbol: maram
   Definitions
      At line 14 in file Src\Delay.s
   Uses
      None
Comment: maram unused
2 symbols



ARM Macro Assembler    Page 1 Alphabetic symbol ordering
Relocatable symbols

BoucleTempo 00000006

Symbol: BoucleTempo
   Definitions
      At line 53 in file Src\Delay.s
   Uses
      At line 58 in file Src\Delay.s
Comment: BoucleTempo used once
Delay_100ms 00000000

Symbol: Delay_100ms
   Definitions
      At line 46 in file Src\Delay.s
   Uses
      At line 26 in file Src\Delay.s
Comment: Delay_100ms used once
moncode 00000000

Symbol: moncode
   Definitions
      At line 30 in file Src\Delay.s
   Uses
      None
Comment: moncode unused
3 symbols



ARM Macro Assembler    Page 1 Alphabetic symbol ordering
Absolute symbols

TimeValue 000DBBA0

Symbol: TimeValue
   Definitions
      At line 23 in file Src\Delay.s
   Uses
      At line 50 in file Src\Delay.s
Comment: TimeValue used once
1 symbol
344 symbols in table
