


ARM Macro Assembler    Page 1 


    1 00000000                 PRESERVE8
    2 00000000                 THUMB
    3 00000000         
    4 00000000                 EXPORT           DFT_ModuleAuCarre
    5 00000000         
    6 00000000         
    7 00000000         ; ====================== zone de réservation de données,
                         ======================================
    8 00000000         ;Section RAM (read only) :
    9 00000000                 area             mesdata,data,readonly
   10 00000000         
   11 00000000         
   12 00000000         ;Section RAM (read write):
   13 00000000                 area             maram,data,readwrite
   14 00000000         
   15 00000000         
   16 00000000         
   17 00000000         ; ======================================================
                       =========================================
   18 00000000         
   19 00000000         
   20 00000000         
   21 00000000         
   22 00000000         ;Section ROM code (read only) :  
   23 00000000                 area             moncode,code,readonly
   24 00000000         ; écrire le code ici 
   25 00000000         
   26 00000000         Somme   proc                         ; (r0 -> signal, r1
                                                             -> k, r2 -> TabCos
                                                             ou TabSin)
   27 00000000 E92D 4FF0       push             {r4-r11,lr}
   28 00000004 F04F 0400       mov              r4, #0      ;compteur
   29 00000008 F04F 0500       mov              r5, #0      ;total
   30 0000000C         
   31 0000000C         bouclefor
   32 0000000C         
   33 0000000C FB01 F704       mul              r7, r1, r4  ; calcul de p
   34 00000010 F007 073F       and              r7, #63     ; modulo
   35 00000014 F932 3017       ldrsh            r3, [r2,r7, LSL #1] ; Tab, r3 e
                                                            st au formt 1.15
   36 00000018         
   37 00000018 F930 6014       ldrsh            r6, [r0,r4, LSL #1] ; X(n), r6 
                                                            est au formt 1.12
   38 0000001C FB03 F306       mul              r3, r6      ; (Tab) * X(n), r3 
                                                            est au formt 2.27
   39 00000020 EA4F 1363       asr              r3, #5      ; format 2.22
   40 00000024 441D            add              r5, r3      ; r5 est au format 
                                                            8.22
   41 00000026         
   42 00000026 F104 0401       add              r4, #1
   43 0000002A 2C40            cmp              r4, #64     ; peut etre registr
                                                            e
   44 0000002C D1EE            bne              bouclefor
   45 0000002E         
   46 0000002E 4628            mov              r0, r5
   47 00000030 EA4F 30E0       asr              r0, #15     ; on prépare le car
                                                            ré (donc on met au 
                                                            format 8.7)
   48 00000034 FB00 F000       mul              r0, r0      ; format 16.14



ARM Macro Assembler    Page 2 


   49 00000038 EA4F 30A0       asr              r0, #14
   50 0000003C E8BD 4FF0       pop              {r4-r11,lr}
   51 00000040 4770            bx               lr
   52 00000042                 endp
   53 00000042         
   54 00000042         DFT_ModuleAuCarre
                               proc
   55 00000042 E92D 4FF0       push             {r4-r11,lr}
   56 00000046 F04F 0400       mov              r4, #0      ; compteur
   57 0000004A F04F 0500       mov              r5, #0      ; total
   58 0000004E         
   59 0000004E 4683            mov              r11, r0     ; déplace signal da
                                                            ns r11
   60 00000050         
   61 00000050 4A06            ldr              r2, =TabCos
   62 00000052 F7FF FFFE       bl               Somme
   63 00000056 4405            add              r5, r0
   64 00000058         
   65 00000058 4658            mov              r0, r11
   66 0000005A 4A05            ldr              r2, =TabSin
   67 0000005C F7FF FFFE       bl               Somme
   68 00000060 4405            add              r5, r0
   69 00000062 4628            mov              r0, r5
   70 00000064         
   71 00000064 E8BD 4FF0       pop              {r4-r11,lr}
   72 00000068 4770            bx               lr
   73 0000006A                 endp
   74 0000006A         
   75 0000006A         ;Section ROM code (read only) :  
   76 0000006A 00 00 00000000 
              00000000         AREA             Trigo, DATA, READONLY
   77 00000000         ; codage fractionnaire 1.15
   78 00000000         
   79 00000000         TabCos
   80 00000000 FF 7F           DCW              32767       ;  0 0x7fff  0.9999
                                                            7
   81 00000002 62 7F           DCW              32610       ;  1 0x7f62  0.9951
                                                            8
   82 00000004 8A 7D           DCW              32138       ;  2 0x7d8a  0.9807
                                                            7
   83 00000006 7D 7A           DCW              31357       ;  3 0x7a7d  0.9569
                                                            4
   84 00000008 42 76           DCW              30274       ;  4 0x7642  0.9238
                                                            9
   85 0000000A E3 70           DCW              28899       ;  5 0x70e3  0.8819
                                                            3
   86 0000000C 6E 6A           DCW              27246       ;  6 0x6a6e  0.8314
                                                            8
   87 0000000E F2 62           DCW              25330       ;  7 0x62f2  0.7730
                                                            1
   88 00000010 82 5A           DCW              23170       ;  8 0x5a82  0.7070
                                                            9
   89 00000012 34 51           DCW              20788       ;  9 0x5134  0.6344
                                                            0
   90 00000014 1D 47           DCW              18205       ; 10 0x471d  0.5555
                                                            7
   91 00000016 57 3C           DCW              15447       ; 11 0x3c57  0.4714
                                                            1
   92 00000018 FC 30           DCW              12540       ; 12 0x30fc  0.3826



ARM Macro Assembler    Page 3 


                                                            9
   93 0000001A 28 25           DCW              9512        ; 13 0x2528  0.2902
                                                            8
   94 0000001C F9 18           DCW              6393        ; 14 0x18f9  0.1951
                                                            0
   95 0000001E 8C 0C           DCW              3212        ; 15 0x0c8c  0.0980
                                                            2
   96 00000020 00 00           DCW              0           ; 16 0x0000  0.0000
                                                            0
   97 00000022 74 F3           DCW              -3212       ; 17 0xf374 -0.0980
                                                            2
   98 00000024 07 E7           DCW              -6393       ; 18 0xe707 -0.1951
                                                            0
   99 00000026 D8 DA           DCW              -9512       ; 19 0xdad8 -0.2902
                                                            8
  100 00000028 04 CF           DCW              -12540      ; 20 0xcf04 -0.3826
                                                            9
  101 0000002A A9 C3           DCW              -15447      ; 21 0xc3a9 -0.4714
                                                            1
  102 0000002C E3 B8           DCW              -18205      ; 22 0xb8e3 -0.5555
                                                            7
  103 0000002E CC AE           DCW              -20788      ; 23 0xaecc -0.6344
                                                            0
  104 00000030 7E A5           DCW              -23170      ; 24 0xa57e -0.7070
                                                            9
  105 00000032 0E 9D           DCW              -25330      ; 25 0x9d0e -0.7730
                                                            1
  106 00000034 92 95           DCW              -27246      ; 26 0x9592 -0.8314
                                                            8
  107 00000036 1D 8F           DCW              -28899      ; 27 0x8f1d -0.8819
                                                            3
  108 00000038 BE 89           DCW              -30274      ; 28 0x89be -0.9238
                                                            9
  109 0000003A 83 85           DCW              -31357      ; 29 0x8583 -0.9569
                                                            4
  110 0000003C 76 82           DCW              -32138      ; 30 0x8276 -0.9807
                                                            7
  111 0000003E 9E 80           DCW              -32610      ; 31 0x809e -0.9951
                                                            8
  112 00000040 00 80           DCW              -32768      ; 32 0x8000 -1.0000
                                                            0
  113 00000042 9E 80           DCW              -32610      ; 33 0x809e -0.9951
                                                            8
  114 00000044 76 82           DCW              -32138      ; 34 0x8276 -0.9807
                                                            7
  115 00000046 83 85           DCW              -31357      ; 35 0x8583 -0.9569
                                                            4
  116 00000048 BE 89           DCW              -30274      ; 36 0x89be -0.9238
                                                            9
  117 0000004A 1D 8F           DCW              -28899      ; 37 0x8f1d -0.8819
                                                            3
  118 0000004C 92 95           DCW              -27246      ; 38 0x9592 -0.8314
                                                            8
  119 0000004E 0E 9D           DCW              -25330      ; 39 0x9d0e -0.7730
                                                            1
  120 00000050 7E A5           DCW              -23170      ; 40 0xa57e -0.7070
                                                            9
  121 00000052 CC AE           DCW              -20788      ; 41 0xaecc -0.6344
                                                            0



ARM Macro Assembler    Page 4 


  122 00000054 E3 B8           DCW              -18205      ; 42 0xb8e3 -0.5555
                                                            7
  123 00000056 A9 C3           DCW              -15447      ; 43 0xc3a9 -0.4714
                                                            1
  124 00000058 04 CF           DCW              -12540      ; 44 0xcf04 -0.3826
                                                            9
  125 0000005A D8 DA           DCW              -9512       ; 45 0xdad8 -0.2902
                                                            8
  126 0000005C 07 E7           DCW              -6393       ; 46 0xe707 -0.1951
                                                            0
  127 0000005E 74 F3           DCW              -3212       ; 47 0xf374 -0.0980
                                                            2
  128 00000060 00 00           DCW              0           ; 48 0x0000  0.0000
                                                            0
  129 00000062 8C 0C           DCW              3212        ; 49 0x0c8c  0.0980
                                                            2
  130 00000064 F9 18           DCW              6393        ; 50 0x18f9  0.1951
                                                            0
  131 00000066 28 25           DCW              9512        ; 51 0x2528  0.2902
                                                            8
  132 00000068 FC 30           DCW              12540       ; 52 0x30fc  0.3826
                                                            9
  133 0000006A 57 3C           DCW              15447       ; 53 0x3c57  0.4714
                                                            1
  134 0000006C 1D 47           DCW              18205       ; 54 0x471d  0.5555
                                                            7
  135 0000006E 34 51           DCW              20788       ; 55 0x5134  0.6344
                                                            0
  136 00000070 82 5A           DCW              23170       ; 56 0x5a82  0.7070
                                                            9
  137 00000072 F2 62           DCW              25330       ; 57 0x62f2  0.7730
                                                            1
  138 00000074 6E 6A           DCW              27246       ; 58 0x6a6e  0.8314
                                                            8
  139 00000076 E3 70           DCW              28899       ; 59 0x70e3  0.8819
                                                            3
  140 00000078 42 76           DCW              30274       ; 60 0x7642  0.9238
                                                            9
  141 0000007A 7D 7A           DCW              31357       ; 61 0x7a7d  0.9569
                                                            4
  142 0000007C 8A 7D           DCW              32138       ; 62 0x7d8a  0.9807
                                                            7
  143 0000007E 62 7F           DCW              32610       ; 63 0x7f62  0.9951
                                                            8
  144 00000080         TabSin
  145 00000080 00 00           DCW              0           ;  0 0x0000  0.0000
                                                            0
  146 00000082 8C 0C           DCW              3212        ;  1 0x0c8c  0.0980
                                                            2
  147 00000084 F9 18           DCW              6393        ;  2 0x18f9  0.1951
                                                            0
  148 00000086 28 25           DCW              9512        ;  3 0x2528  0.2902
                                                            8
  149 00000088 FC 30           DCW              12540       ;  4 0x30fc  0.3826
                                                            9
  150 0000008A 57 3C           DCW              15447       ;  5 0x3c57  0.4714
                                                            1
  151 0000008C 1D 47           DCW              18205       ;  6 0x471d  0.5555
                                                            7



ARM Macro Assembler    Page 5 


  152 0000008E 34 51           DCW              20788       ;  7 0x5134  0.6344
                                                            0
  153 00000090 82 5A           DCW              23170       ;  8 0x5a82  0.7070
                                                            9
  154 00000092 F2 62           DCW              25330       ;  9 0x62f2  0.7730
                                                            1
  155 00000094 6E 6A           DCW              27246       ; 10 0x6a6e  0.8314
                                                            8
  156 00000096 E3 70           DCW              28899       ; 11 0x70e3  0.8819
                                                            3
  157 00000098 42 76           DCW              30274       ; 12 0x7642  0.9238
                                                            9
  158 0000009A 7D 7A           DCW              31357       ; 13 0x7a7d  0.9569
                                                            4
  159 0000009C 8A 7D           DCW              32138       ; 14 0x7d8a  0.9807
                                                            7
  160 0000009E 62 7F           DCW              32610       ; 15 0x7f62  0.9951
                                                            8
  161 000000A0 FF 7F           DCW              32767       ; 16 0x7fff  0.9999
                                                            7
  162 000000A2 62 7F           DCW              32610       ; 17 0x7f62  0.9951
                                                            8
  163 000000A4 8A 7D           DCW              32138       ; 18 0x7d8a  0.9807
                                                            7
  164 000000A6 7D 7A           DCW              31357       ; 19 0x7a7d  0.9569
                                                            4
  165 000000A8 42 76           DCW              30274       ; 20 0x7642  0.9238
                                                            9
  166 000000AA E3 70           DCW              28899       ; 21 0x70e3  0.8819
                                                            3
  167 000000AC 6E 6A           DCW              27246       ; 22 0x6a6e  0.8314
                                                            8
  168 000000AE F2 62           DCW              25330       ; 23 0x62f2  0.7730
                                                            1
  169 000000B0 82 5A           DCW              23170       ; 24 0x5a82  0.7070
                                                            9
  170 000000B2 34 51           DCW              20788       ; 25 0x5134  0.6344
                                                            0
  171 000000B4 1D 47           DCW              18205       ; 26 0x471d  0.5555
                                                            7
  172 000000B6 57 3C           DCW              15447       ; 27 0x3c57  0.4714
                                                            1
  173 000000B8 FC 30           DCW              12540       ; 28 0x30fc  0.3826
                                                            9
  174 000000BA 28 25           DCW              9512        ; 29 0x2528  0.2902
                                                            8
  175 000000BC F9 18           DCW              6393        ; 30 0x18f9  0.1951
                                                            0
  176 000000BE 8C 0C           DCW              3212        ; 31 0x0c8c  0.0980
                                                            2
  177 000000C0 00 00           DCW              0           ; 32 0x0000  0.0000
                                                            0
  178 000000C2 74 F3           DCW              -3212       ; 33 0xf374 -0.0980
                                                            2
  179 000000C4 07 E7           DCW              -6393       ; 34 0xe707 -0.1951
                                                            0
  180 000000C6 D8 DA           DCW              -9512       ; 35 0xdad8 -0.2902
                                                            8
  181 000000C8 04 CF           DCW              -12540      ; 36 0xcf04 -0.3826



ARM Macro Assembler    Page 6 


                                                            9
  182 000000CA A9 C3           DCW              -15447      ; 37 0xc3a9 -0.4714
                                                            1
  183 000000CC E3 B8           DCW              -18205      ; 38 0xb8e3 -0.5555
                                                            7
  184 000000CE CC AE           DCW              -20788      ; 39 0xaecc -0.6344
                                                            0
  185 000000D0 7E A5           DCW              -23170      ; 40 0xa57e -0.7070
                                                            9
  186 000000D2 0E 9D           DCW              -25330      ; 41 0x9d0e -0.7730
                                                            1
  187 000000D4 92 95           DCW              -27246      ; 42 0x9592 -0.8314
                                                            8
  188 000000D6 1D 8F           DCW              -28899      ; 43 0x8f1d -0.8819
                                                            3
  189 000000D8 BE 89           DCW              -30274      ; 44 0x89be -0.9238
                                                            9
  190 000000DA 83 85           DCW              -31357      ; 45 0x8583 -0.9569
                                                            4
  191 000000DC 76 82           DCW              -32138      ; 46 0x8276 -0.9807
                                                            7
  192 000000DE 9E 80           DCW              -32610      ; 47 0x809e -0.9951
                                                            8
  193 000000E0 00 80           DCW              -32768      ; 48 0x8000 -1.0000
                                                            0
  194 000000E2 9E 80           DCW              -32610      ; 49 0x809e -0.9951
                                                            8
  195 000000E4 76 82           DCW              -32138      ; 50 0x8276 -0.9807
                                                            7
  196 000000E6 83 85           DCW              -31357      ; 51 0x8583 -0.9569
                                                            4
  197 000000E8 BE 89           DCW              -30274      ; 52 0x89be -0.9238
                                                            9
  198 000000EA 1D 8F           DCW              -28899      ; 53 0x8f1d -0.8819
                                                            3
  199 000000EC 92 95           DCW              -27246      ; 54 0x9592 -0.8314
                                                            8
  200 000000EE 0E 9D           DCW              -25330      ; 55 0x9d0e -0.7730
                                                            1
  201 000000F0 7E A5           DCW              -23170      ; 56 0xa57e -0.7070
                                                            9
  202 000000F2 CC AE           DCW              -20788      ; 57 0xaecc -0.6344
                                                            0
  203 000000F4 E3 B8           DCW              -18205      ; 58 0xb8e3 -0.5555
                                                            7
  204 000000F6 A9 C3           DCW              -15447      ; 59 0xc3a9 -0.4714
                                                            1
  205 000000F8 04 CF           DCW              -12540      ; 60 0xcf04 -0.3826
                                                            9
  206 000000FA D8 DA           DCW              -9512       ; 61 0xdad8 -0.2902
                                                            8
  207 000000FC 07 E7           DCW              -6393       ; 62 0xe707 -0.1951
                                                            0
  208 000000FE 74 F3           DCW              -3212       ; 63 0xf374 -0.0980
                                                            2
  209 00000100         
  210 00000100         
  211 00000100         
  212 00000100         



ARM Macro Assembler    Page 7 


  213 00000100                 END
Command Line: --debug --xref --diag_suppress=9931 --cpu=Cortex-M3 --apcs=interw
ork --depend=.\obj\dft.d -o.\obj\dft.o -I.\RTE\_Simu -IC:\Programdata\Keil\Arm\
Packs\ARM\CMSIS\5.7.0\CMSIS\Core\Include -IC:\Programdata\Keil\Arm\Packs\Keil\S
TM32F1xx_DFP\2.3.0\Device\Include --predefine="__EVAL SETA 1" --predefine="__MI
CROLIB SETA 1" --predefine="__UVISION_VERSION SETA 530" --predefine="_RTE_ SETA
 1" --predefine="STM32F10X_MD SETA 1" --predefine="_RTE_ SETA 1" --list=dft.lst
 Src\DFT.s



ARM Macro Assembler    Page 1 Alphabetic symbol ordering
Relocatable symbols

mesdata 00000000

Symbol: mesdata
   Definitions
      At line 9 in file Src\DFT.s
   Uses
      None
Comment: mesdata unused
1 symbol



ARM Macro Assembler    Page 1 Alphabetic symbol ordering
Relocatable symbols

maram 00000000

Symbol: maram
   Definitions
      At line 13 in file Src\DFT.s
   Uses
      None
Comment: maram unused
1 symbol



ARM Macro Assembler    Page 1 Alphabetic symbol ordering
Relocatable symbols

DFT_ModuleAuCarre 00000042

Symbol: DFT_ModuleAuCarre
   Definitions
      At line 54 in file Src\DFT.s
   Uses
      At line 4 in file Src\DFT.s
Comment: DFT_ModuleAuCarre used once
Somme 00000000

Symbol: Somme
   Definitions
      At line 26 in file Src\DFT.s
   Uses
      At line 62 in file Src\DFT.s
      At line 67 in file Src\DFT.s

bouclefor 0000000C

Symbol: bouclefor
   Definitions
      At line 31 in file Src\DFT.s
   Uses
      At line 44 in file Src\DFT.s
Comment: bouclefor used once
moncode 00000000

Symbol: moncode
   Definitions
      At line 23 in file Src\DFT.s
   Uses
      None
Comment: moncode unused
4 symbols



ARM Macro Assembler    Page 1 Alphabetic symbol ordering
Relocatable symbols

TabCos 00000000

Symbol: TabCos
   Definitions
      At line 79 in file Src\DFT.s
   Uses
      At line 61 in file Src\DFT.s
Comment: TabCos used once
TabSin 00000080

Symbol: TabSin
   Definitions
      At line 144 in file Src\DFT.s
   Uses
      At line 66 in file Src\DFT.s
Comment: TabSin used once
Trigo 00000000

Symbol: Trigo
   Definitions
      At line 76 in file Src\DFT.s
   Uses
      None
Comment: Trigo unused
3 symbols
346 symbols in table
